INFO: 2025/06/23 15:13:07 logger.go:47: Starting Observe-Yor-Estimates application
DEBUG: 2025/06/23 15:13:07 logger.go:77: Using DATABASE_URL environment variable for database connection
DEBUG: 2025/06/23 15:13:07 logger.go:82: Initializing database connection to PostgreSQL
DEBUG: 2025/06/23 15:13:07 logger.go:77: Tasks table already exists
DEBUG: 2025/06/23 15:13:07 logger.go:77: Task history table already exists
DEBUG: 2025/06/23 15:13:07 logger.go:77: Time entries table already exists
INFO: 2025/06/23 15:13:07 logger.go:47: Database connection established and tables migrated successfully
INFO: 2025/06/23 15:13:07 logger.go:47: Database connection initialized successfully
INFO: 2025/06/23 15:13:07 logger.go:47: Cron scheduler started successfully
INFO: 2025/06/23 15:13:07 logger.go:47: Server is starting on port 8080
INFO: 2025/06/23 15:13:07 logger.go:47: Running initial task sync
DEBUG: 2025/06/23 15:13:07 logger.go:77: Starting task synchronization with TimeCamp
DEBUG: 2025/06/23 15:13:07 logger.go:82: Fetching tasks from TimeCamp API: https://app.timecamp.com/third_party/api/tasks
DEBUG: 2025/06/23 15:13:08 logger.go:82: Successfully fetched 5285 tasks from TimeCamp
INFO: 2025/06/23 15:13:10 logger.go:52: Received daily update command from user testuser in channel 
INFO: 2025/06/23 15:13:10 logger.go:52: Processing job slack_update_1750684390085607796 of type slack_update for testuser in #
INFO: 2025/06/23 15:13:10 logger.go:52: Successfully queued job slack_update_1750684390085607796
INFO: 2025/06/23 15:13:10 logger.go:52: Starting processing of job slack_update_1750684390085607796
INFO: 2025/06/23 15:13:10 logger.go:52: Received /full-sync command from user testuser in channel 
INFO: 2025/06/23 15:13:10 logger.go:52: Processing job full_sync_1750684390115471871 of type full_sync for testuser in #
INFO: 2025/06/23 15:13:10 logger.go:52: Starting processing of job full_sync_1750684390115471871
INFO: 2025/06/23 15:13:10 logger.go:52: Successfully queued job full_sync_1750684390115471871
INFO: 2025/06/23 15:13:10 logger.go:52: Processing job test_123 of type slack_update for test user
INFO: 2025/06/23 15:13:10 logger.go:52: Starting processing of job test_123
INFO: 2025/06/23 15:13:10 logger.go:52: Starting daily Slack update
DEBUG: 2025/06/23 15:13:10 logger.go:77: Querying database for daily task time entries
ERROR: 2025/06/23 15:13:10 logger.go:72: Failed to get daily task changes: failed to query task time entries: pq: column t.id does not exist
DEBUG: 2025/06/23 15:13:10 logger.go:77: Successfully sent delayed response to Slack
INFO: 2025/06/23 15:13:10 logger.go:52: Starting daily Slack update
DEBUG: 2025/06/23 15:13:10 logger.go:77: Querying database for daily task time entries
DEBUG: 2025/06/23 15:13:10 logger.go:77: Successfully sent delayed response to Slack
INFO: 2025/06/23 15:13:10 logger.go:47: Starting full synchronization of all data from TimeCamp
DEBUG: 2025/06/23 15:13:10 logger.go:77: Validating database write access...
ERROR: 2025/06/23 15:13:10 logger.go:72: Failed to get daily task changes: failed to query task time entries: pq: column t.id does not exist
INFO: 2025/06/23 15:13:10 logger.go:52: Completed processing job test_123 in 616.603982ms
INFO: 2025/06/23 15:13:10 logger.go:52: Completed processing job slack_update_1750684390085607796 in 781.096713ms
DEBUG: 2025/06/23 15:13:11 logger.go:77: Database write access validated successfully
DEBUG: 2025/06/23 15:13:11 logger.go:77: Database write access validated successfully
INFO: 2025/06/23 15:13:11 logger.go:47: Starting full tasks sync...
DEBUG: 2025/06/23 15:13:11 logger.go:77: Starting FULL task synchronization with TimeCamp
DEBUG: 2025/06/23 15:13:11 logger.go:77: Database write access validated successfully
DEBUG: 2025/06/23 15:13:11 logger.go:77: TimeCamp API key is configured
DEBUG: 2025/06/23 15:13:11 logger.go:82: Fetching ALL tasks from TimeCamp API: https://app.timecamp.com/third_party/api/tasks
DEBUG: 2025/06/23 15:13:11 logger.go:82: Successfully fetched 5285 tasks from TimeCamp for full sync
INFO: 2025/06/23 15:13:11 logger.go:52: Retrieved 5285 tasks from TimeCamp for full sync
